0 info it worked if it ends with ok
1 verbose cli [ 'node', '/usr/local/bin/npm', 'install', 'tty' ]
2 info using npm@2.13.5
3 info using node@v0.10.25
4 verbose node symlink /usr/bin/node
5 verbose install initial load of /home/sarunas/Sarunas/Fadeit/redis/chat/package.json
6 verbose installManyTop reading scoped package data from /home/sarunas/Sarunas/Fadeit/redis/chat/node_modules/hiredis/package.json
7 verbose installManyTop reading scoped package data from /home/sarunas/Sarunas/Fadeit/redis/chat/node_modules/redis/package.json
8 verbose readDependencies loading dependencies from /home/sarunas/Sarunas/Fadeit/redis/chat/package.json
9 silly cache add args [ 'tty', null ]
10 verbose cache add spec tty
11 silly cache add parsed spec { raw: 'tty',
11 silly cache add   scope: null,
11 silly cache add   name: 'tty',
11 silly cache add   rawSpec: '',
11 silly cache add   spec: '*',
11 silly cache add   type: 'range' }
12 silly addNamed tty@*
13 verbose addNamed "*" is a valid semver range for tty
14 silly addNameRange { name: 'tty', range: '*', hasData: false }
15 silly mapToRegistry name tty
16 silly mapToRegistry using default registry
17 silly mapToRegistry registry https://registry.npmjs.org/
18 silly mapToRegistry uri https://registry.npmjs.org/tty
19 verbose addNameRange registry:https://registry.npmjs.org/tty not in flight; fetching
20 verbose request uri https://registry.npmjs.org/tty
21 verbose request no auth needed
22 info attempt registry request try #1 at 20:55:35
23 verbose request id a0a6e3c4154e9a55
24 http request GET https://registry.npmjs.org/tty
25 http 404 https://registry.npmjs.org/tty
26 verbose headers { server: 'CouchDB/1.5.0 (Erlang OTP/R16B03)',
26 verbose headers   etag: '"C11V2NYAKD8H4RBF8ZE2OZOR6"',
26 verbose headers   'content-type': 'application/json',
26 verbose headers   'cache-control': 'max-age=0',
26 verbose headers   'content-length': '425',
26 verbose headers   'accept-ranges': 'bytes',
26 verbose headers   date: 'Wed, 09 Sep 2015 17:55:36 GMT',
26 verbose headers   via: '1.1 varnish',
26 verbose headers   age: '0',
26 verbose headers   connection: 'keep-alive',
26 verbose headers   'x-served-by': 'cache-fra1225-FRA',
26 verbose headers   'x-cache': 'MISS',
26 verbose headers   'x-cache-hits': '0',
26 verbose headers   'x-timer': 'S1441821336.363560,VS0,VE379',
26 verbose headers   vary: 'Accept' }
27 silly get cb [ 404,
27 silly get   { server: 'CouchDB/1.5.0 (Erlang OTP/R16B03)',
27 silly get     etag: '"C11V2NYAKD8H4RBF8ZE2OZOR6"',
27 silly get     'content-type': 'application/json',
27 silly get     'cache-control': 'max-age=0',
27 silly get     'content-length': '425',
27 silly get     'accept-ranges': 'bytes',
27 silly get     date: 'Wed, 09 Sep 2015 17:55:36 GMT',
27 silly get     via: '1.1 varnish',
27 silly get     age: '0',
27 silly get     connection: 'keep-alive',
27 silly get     'x-served-by': 'cache-fra1225-FRA',
27 silly get     'x-cache': 'MISS',
27 silly get     'x-cache-hits': '0',
27 silly get     'x-timer': 'S1441821336.363560,VS0,VE379',
27 silly get     vary: 'Accept' } ]
28 verbose stack Error: Registry returned 404 for GET on https://registry.npmjs.org/tty
28 verbose stack     at CachingRegistryClient.<anonymous> (/usr/local/lib/node_modules/npm/node_modules/npm-registry-client/lib/request.js:239:14)
28 verbose stack     at Request._callback (/usr/local/lib/node_modules/npm/node_modules/npm-registry-client/lib/request.js:170:14)
28 verbose stack     at Request.self.callback (/usr/local/lib/node_modules/npm/node_modules/request/request.js:198:22)
28 verbose stack     at Request.EventEmitter.emit (events.js:98:17)
28 verbose stack     at Request.<anonymous> (/usr/local/lib/node_modules/npm/node_modules/request/request.js:1057:14)
28 verbose stack     at Request.EventEmitter.emit (events.js:117:20)
28 verbose stack     at IncomingMessage.<anonymous> (/usr/local/lib/node_modules/npm/node_modules/request/request.js:1003:12)
28 verbose stack     at IncomingMessage.EventEmitter.emit (events.js:117:20)
28 verbose stack     at _stream_readable.js:920:16
28 verbose stack     at process._tickCallback (node.js:415:13)
29 verbose statusCode 404
30 verbose pkgid tty
31 verbose cwd /home/sarunas/Sarunas/Fadeit/redis/chat
32 error Linux 3.13.0-37-generic
33 error argv "node" "/usr/local/bin/npm" "install" "tty"
34 error node v0.10.25
35 error npm  v2.13.5
36 error code E404
37 error 404 Registry returned 404 for GET on https://registry.npmjs.org/tty
37 error 404
37 error 404 'tty' is not in the npm registry.
37 error 404 Your package name is not valid, because
37 error 404
37 error 404  1. tty is a core module name
37 error 404
37 error 404 Note that you can also install from a
37 error 404 tarball, folder, http url, or git url.
38 verbose exit [ 1, true ]
